{"/Users/caitlinash/Desktop/Coding/tech-blog/config/connection.js": {"path":"/Users/caitlinash/Desktop/Coding/tech-blog/config/connection.js","statementMap":{"0":{"start":{"line":1,"column":18},"end":{"line":1,"column":38}},"1":{"start":{"line":2,"column":0},"end":{"line":2,"column":27}},"2":{"start":{"line":6,"column":0},"end":{"line":26,"column":1}},"3":{"start":{"line":8,"column":2},"end":{"line":12,"column":5}},"4":{"start":{"line":13,"column":7},"end":{"line":26,"column":1}},"5":{"start":{"line":14,"column":2},"end":{"line":14,"column":52}},"6":{"start":{"line":16,"column":2},"end":{"line":25,"column":4}},"7":{"start":{"line":28,"column":0},"end":{"line":28,"column":27}}},"fnMap":{},"branchMap":{"0":{"loc":{"start":{"line":6,"column":0},"end":{"line":26,"column":1}},"type":"if","locations":[{"start":{"line":6,"column":0},"end":{"line":26,"column":1}},{"start":{"line":13,"column":7},"end":{"line":26,"column":1}}],"line":6},"1":{"loc":{"start":{"line":13,"column":7},"end":{"line":26,"column":1}},"type":"if","locations":[{"start":{"line":13,"column":7},"end":{"line":26,"column":1}},{"start":{"line":15,"column":7},"end":{"line":26,"column":1}}],"line":13}},"s":{"0":11,"1":11,"2":11,"3":11,"4":0,"5":0,"6":0,"7":11},"f":{},"b":{"0":[11,0],"1":[0,0]},"_coverageSchema":"1a1c01bbd47fc00a2c39e90264f33305004495a9","hash":"c62b95934b0699b1536704d1d5857cdb2c43fe9f"}
,"/Users/caitlinash/Desktop/Coding/tech-blog/controllers/dashboardRoutes.js": {"path":"/Users/caitlinash/Desktop/Coding/tech-blog/controllers/dashboardRoutes.js","statementMap":{"0":{"start":{"line":1,"column":15},"end":{"line":1,"column":42}},"1":{"start":{"line":2,"column":36},"end":{"line":2,"column":56}},"2":{"start":{"line":3,"column":17},"end":{"line":3,"column":41}},"3":{"start":{"line":6,"column":0},"end":{"line":41,"column":3}},"4":{"start":{"line":7,"column":4},"end":{"line":40,"column":5}},"5":{"start":{"line":8,"column":30},"end":{"line":27,"column":10}},"6":{"start":{"line":29,"column":8},"end":{"line":29,"column":66}},"7":{"start":{"line":30,"column":8},"end":{"line":30,"column":69}},"8":{"start":{"line":32,"column":26},"end":{"line":32,"column":87}},"9":{"start":{"line":32,"column":57},"end":{"line":32,"column":86}},"10":{"start":{"line":34,"column":8},"end":{"line":37,"column":11}},"11":{"start":{"line":39,"column":8},"end":{"line":39,"column":34}},"12":{"start":{"line":44,"column":0},"end":{"line":81,"column":3}},"13":{"start":{"line":45,"column":4},"end":{"line":80,"column":5}},"14":{"start":{"line":46,"column":29},"end":{"line":64,"column":10}},"15":{"start":{"line":66,"column":8},"end":{"line":69,"column":9}},"16":{"start":{"line":67,"column":12},"end":{"line":67,"column":81}},"17":{"start":{"line":68,"column":12},"end":{"line":68,"column":19}},"18":{"start":{"line":71,"column":25},"end":{"line":71,"column":58}},"19":{"start":{"line":74,"column":8},"end":{"line":77,"column":11}},"20":{"start":{"line":79,"column":8},"end":{"line":79,"column":34}},"21":{"start":{"line":84,"column":0},"end":{"line":89,"column":3}},"22":{"start":{"line":86,"column":4},"end":{"line":88,"column":7}},"23":{"start":{"line":91,"column":0},"end":{"line":91,"column":24}}},"fnMap":{"0":{"name":"(anonymous_0)","decl":{"start":{"line":6,"column":26},"end":{"line":6,"column":27}},"loc":{"start":{"line":6,"column":46},"end":{"line":41,"column":1}},"line":6},"1":{"name":"(anonymous_1)","decl":{"start":{"line":32,"column":43},"end":{"line":32,"column":44}},"loc":{"start":{"line":32,"column":57},"end":{"line":32,"column":86}},"line":32},"2":{"name":"(anonymous_2)","decl":{"start":{"line":44,"column":34},"end":{"line":44,"column":35}},"loc":{"start":{"line":44,"column":54},"end":{"line":81,"column":1}},"line":44},"3":{"name":"(anonymous_3)","decl":{"start":{"line":84,"column":29},"end":{"line":84,"column":30}},"loc":{"start":{"line":84,"column":43},"end":{"line":89,"column":1}},"line":84}},"branchMap":{"0":{"loc":{"start":{"line":66,"column":8},"end":{"line":69,"column":9}},"type":"if","locations":[{"start":{"line":66,"column":8},"end":{"line":69,"column":9}},{"start":{},"end":{}}],"line":66}},"s":{"0":2,"1":2,"2":2,"3":2,"4":1,"5":1,"6":1,"7":1,"8":1,"9":1,"10":1,"11":0,"12":2,"13":1,"14":1,"15":1,"16":0,"17":0,"18":1,"19":1,"20":0,"21":2,"22":1,"23":2},"f":{"0":1,"1":1,"2":1,"3":1},"b":{"0":[0,1]},"_coverageSchema":"1a1c01bbd47fc00a2c39e90264f33305004495a9","hash":"6004279982dd04a7073d582423b6d8e3874eecc3"}
,"/Users/caitlinash/Desktop/Coding/tech-blog/controllers/homeRoutes.js": {"path":"/Users/caitlinash/Desktop/Coding/tech-blog/controllers/homeRoutes.js","statementMap":{"0":{"start":{"line":1,"column":15},"end":{"line":1,"column":42}},"1":{"start":{"line":2,"column":36},"end":{"line":2,"column":56}},"2":{"start":{"line":5,"column":0},"end":{"line":35,"column":3}},"3":{"start":{"line":6,"column":4},"end":{"line":34,"column":5}},"4":{"start":{"line":7,"column":29},"end":{"line":22,"column":10}},"5":{"start":{"line":25,"column":26},"end":{"line":25,"column":87}},"6":{"start":{"line":25,"column":57},"end":{"line":25,"column":86}},"7":{"start":{"line":28,"column":8},"end":{"line":31,"column":11}},"8":{"start":{"line":33,"column":8},"end":{"line":33,"column":34}},"9":{"start":{"line":38,"column":0},"end":{"line":76,"column":3}},"10":{"start":{"line":39,"column":4},"end":{"line":75,"column":5}},"11":{"start":{"line":40,"column":29},"end":{"line":58,"column":10}},"12":{"start":{"line":60,"column":8},"end":{"line":63,"column":9}},"13":{"start":{"line":61,"column":12},"end":{"line":61,"column":81}},"14":{"start":{"line":62,"column":12},"end":{"line":62,"column":19}},"15":{"start":{"line":66,"column":25},"end":{"line":66,"column":58}},"16":{"start":{"line":69,"column":8},"end":{"line":72,"column":11}},"17":{"start":{"line":74,"column":8},"end":{"line":74,"column":34}},"18":{"start":{"line":79,"column":0},"end":{"line":87,"column":3}},"19":{"start":{"line":81,"column":4},"end":{"line":84,"column":5}},"20":{"start":{"line":82,"column":6},"end":{"line":82,"column":33}},"21":{"start":{"line":83,"column":6},"end":{"line":83,"column":13}},"22":{"start":{"line":86,"column":4},"end":{"line":86,"column":24}},"23":{"start":{"line":89,"column":0},"end":{"line":89,"column":24}}},"fnMap":{"0":{"name":"(anonymous_0)","decl":{"start":{"line":5,"column":16},"end":{"line":5,"column":17}},"loc":{"start":{"line":5,"column":36},"end":{"line":35,"column":1}},"line":5},"1":{"name":"(anonymous_1)","decl":{"start":{"line":25,"column":43},"end":{"line":25,"column":44}},"loc":{"start":{"line":25,"column":57},"end":{"line":25,"column":86}},"line":25},"2":{"name":"(anonymous_2)","decl":{"start":{"line":38,"column":28},"end":{"line":38,"column":29}},"loc":{"start":{"line":38,"column":48},"end":{"line":76,"column":1}},"line":38},"3":{"name":"(anonymous_3)","decl":{"start":{"line":79,"column":21},"end":{"line":79,"column":22}},"loc":{"start":{"line":79,"column":35},"end":{"line":87,"column":1}},"line":79}},"branchMap":{"0":{"loc":{"start":{"line":60,"column":8},"end":{"line":63,"column":9}},"type":"if","locations":[{"start":{"line":60,"column":8},"end":{"line":63,"column":9}},{"start":{},"end":{}}],"line":60},"1":{"loc":{"start":{"line":81,"column":4},"end":{"line":84,"column":5}},"type":"if","locations":[{"start":{"line":81,"column":4},"end":{"line":84,"column":5}},{"start":{},"end":{}}],"line":81}},"s":{"0":2,"1":2,"2":2,"3":1,"4":1,"5":1,"6":1,"7":1,"8":0,"9":2,"10":2,"11":2,"12":2,"13":1,"14":1,"15":1,"16":1,"17":0,"18":2,"19":2,"20":1,"21":1,"22":1,"23":2},"f":{"0":1,"1":1,"2":2,"3":2},"b":{"0":[1,1],"1":[1,1]},"_coverageSchema":"1a1c01bbd47fc00a2c39e90264f33305004495a9","hash":"6e10b856487cec77317596ef0cc548a9c2d9c077"}
,"/Users/caitlinash/Desktop/Coding/tech-blog/controllers/index.js": {"path":"/Users/caitlinash/Desktop/Coding/tech-blog/controllers/index.js","statementMap":{"0":{"start":{"line":1,"column":15},"end":{"line":1,"column":42}},"1":{"start":{"line":3,"column":18},"end":{"line":3,"column":34}},"2":{"start":{"line":4,"column":19},"end":{"line":4,"column":42}},"3":{"start":{"line":5,"column":24},"end":{"line":5,"column":52}},"4":{"start":{"line":7,"column":0},"end":{"line":7,"column":28}},"5":{"start":{"line":8,"column":0},"end":{"line":8,"column":42}},"6":{"start":{"line":9,"column":0},"end":{"line":9,"column":30}},"7":{"start":{"line":11,"column":0},"end":{"line":11,"column":24}}},"fnMap":{},"branchMap":{},"s":{"0":1,"1":1,"2":1,"3":1,"4":1,"5":1,"6":1,"7":1},"f":{},"b":{},"_coverageSchema":"1a1c01bbd47fc00a2c39e90264f33305004495a9","hash":"327b0ee820421946f25c50aea67afb98c67f8467"}
,"/Users/caitlinash/Desktop/Coding/tech-blog/controllers/api/blogPostRoutes.js": {"path":"/Users/caitlinash/Desktop/Coding/tech-blog/controllers/api/blogPostRoutes.js","statementMap":{"0":{"start":{"line":1,"column":15},"end":{"line":1,"column":42}},"1":{"start":{"line":2,"column":36},"end":{"line":2,"column":59}},"2":{"start":{"line":3,"column":17},"end":{"line":3,"column":44}},"3":{"start":{"line":6,"column":0},"end":{"line":29,"column":3}},"4":{"start":{"line":7,"column":4},"end":{"line":28,"column":5}},"5":{"start":{"line":8,"column":29},"end":{"line":23,"column":10}},"6":{"start":{"line":25,"column":8},"end":{"line":25,"column":43}},"7":{"start":{"line":27,"column":8},"end":{"line":27,"column":34}},"8":{"start":{"line":32,"column":0},"end":{"line":62,"column":3}},"9":{"start":{"line":33,"column":4},"end":{"line":61,"column":5}},"10":{"start":{"line":34,"column":30},"end":{"line":52,"column":10}},"11":{"start":{"line":54,"column":8},"end":{"line":57,"column":9}},"12":{"start":{"line":55,"column":12},"end":{"line":55,"column":82}},"13":{"start":{"line":56,"column":12},"end":{"line":56,"column":19}},"14":{"start":{"line":58,"column":8},"end":{"line":58,"column":43}},"15":{"start":{"line":60,"column":8},"end":{"line":60,"column":34}},"16":{"start":{"line":65,"column":0},"end":{"line":88,"column":3}},"17":{"start":{"line":66,"column":4},"end":{"line":87,"column":5}},"18":{"start":{"line":67,"column":35},"end":{"line":67,"column":43}},"19":{"start":{"line":68,"column":24},"end":{"line":68,"column":43}},"20":{"start":{"line":70,"column":8},"end":{"line":70,"column":67}},"21":{"start":{"line":72,"column":21},"end":{"line":72,"column":49}},"22":{"start":{"line":73,"column":23},"end":{"line":73,"column":36}},"23":{"start":{"line":75,"column":29},"end":{"line":80,"column":10}},"24":{"start":{"line":82,"column":8},"end":{"line":82,"column":55}},"25":{"start":{"line":84,"column":8},"end":{"line":84,"column":43}},"26":{"start":{"line":86,"column":8},"end":{"line":86,"column":34}},"27":{"start":{"line":91,"column":0},"end":{"line":143,"column":3}},"28":{"start":{"line":92,"column":4},"end":{"line":142,"column":5}},"29":{"start":{"line":93,"column":8},"end":{"line":93,"column":48}},"30":{"start":{"line":96,"column":25},"end":{"line":100,"column":10}},"31":{"start":{"line":103,"column":8},"end":{"line":106,"column":9}},"32":{"start":{"line":104,"column":12},"end":{"line":104,"column":82}},"33":{"start":{"line":105,"column":12},"end":{"line":105,"column":19}},"34":{"start":{"line":109,"column":8},"end":{"line":112,"column":9}},"35":{"start":{"line":110,"column":12},"end":{"line":110,"column":83}},"36":{"start":{"line":111,"column":12},"end":{"line":111,"column":19}},"37":{"start":{"line":115,"column":30},"end":{"line":125,"column":9}},"38":{"start":{"line":127,"column":8},"end":{"line":127,"column":50}},"39":{"start":{"line":129,"column":8},"end":{"line":132,"column":9}},"40":{"start":{"line":130,"column":12},"end":{"line":130,"column":81}},"41":{"start":{"line":131,"column":12},"end":{"line":131,"column":19}},"42":{"start":{"line":135,"column":32},"end":{"line":135,"column":70}},"43":{"start":{"line":136,"column":8},"end":{"line":136,"column":59}},"44":{"start":{"line":138,"column":8},"end":{"line":138,"column":46}},"45":{"start":{"line":140,"column":8},"end":{"line":140,"column":27}},"46":{"start":{"line":141,"column":8},"end":{"line":141,"column":34}},"47":{"start":{"line":146,"column":0},"end":{"line":163,"column":3}},"48":{"start":{"line":147,"column":4},"end":{"line":162,"column":5}},"49":{"start":{"line":148,"column":29},"end":{"line":153,"column":10}},"50":{"start":{"line":155,"column":8},"end":{"line":158,"column":9}},"51":{"start":{"line":156,"column":12},"end":{"line":156,"column":81}},"52":{"start":{"line":157,"column":12},"end":{"line":157,"column":19}},"53":{"start":{"line":159,"column":8},"end":{"line":159,"column":43}},"54":{"start":{"line":161,"column":8},"end":{"line":161,"column":34}},"55":{"start":{"line":165,"column":0},"end":{"line":165,"column":24}}},"fnMap":{"0":{"name":"(anonymous_0)","decl":{"start":{"line":6,"column":16},"end":{"line":6,"column":17}},"loc":{"start":{"line":6,"column":36},"end":{"line":29,"column":1}},"line":6},"1":{"name":"(anonymous_1)","decl":{"start":{"line":32,"column":19},"end":{"line":32,"column":20}},"loc":{"start":{"line":32,"column":39},"end":{"line":62,"column":1}},"line":32},"2":{"name":"(anonymous_2)","decl":{"start":{"line":65,"column":27},"end":{"line":65,"column":28}},"loc":{"start":{"line":65,"column":47},"end":{"line":88,"column":1}},"line":65},"3":{"name":"(anonymous_3)","decl":{"start":{"line":91,"column":29},"end":{"line":91,"column":30}},"loc":{"start":{"line":91,"column":49},"end":{"line":143,"column":1}},"line":91},"4":{"name":"(anonymous_4)","decl":{"start":{"line":146,"column":32},"end":{"line":146,"column":33}},"loc":{"start":{"line":146,"column":52},"end":{"line":163,"column":1}},"line":146}},"branchMap":{"0":{"loc":{"start":{"line":54,"column":8},"end":{"line":57,"column":9}},"type":"if","locations":[{"start":{"line":54,"column":8},"end":{"line":57,"column":9}},{"start":{},"end":{}}],"line":54},"1":{"loc":{"start":{"line":103,"column":8},"end":{"line":106,"column":9}},"type":"if","locations":[{"start":{"line":103,"column":8},"end":{"line":106,"column":9}},{"start":{},"end":{}}],"line":103},"2":{"loc":{"start":{"line":109,"column":8},"end":{"line":112,"column":9}},"type":"if","locations":[{"start":{"line":109,"column":8},"end":{"line":112,"column":9}},{"start":{},"end":{}}],"line":109},"3":{"loc":{"start":{"line":129,"column":8},"end":{"line":132,"column":9}},"type":"if","locations":[{"start":{"line":129,"column":8},"end":{"line":132,"column":9}},{"start":{},"end":{}}],"line":129},"4":{"loc":{"start":{"line":155,"column":8},"end":{"line":158,"column":9}},"type":"if","locations":[{"start":{"line":155,"column":8},"end":{"line":158,"column":9}},{"start":{},"end":{}}],"line":155}},"s":{"0":3,"1":3,"2":3,"3":3,"4":1,"5":1,"6":1,"7":0,"8":3,"9":4,"10":4,"11":4,"12":1,"13":1,"14":3,"15":0,"16":3,"17":3,"18":3,"19":3,"20":3,"21":3,"22":3,"23":3,"24":1,"25":1,"26":2,"27":3,"28":2,"29":2,"30":2,"31":2,"32":0,"33":0,"34":2,"35":1,"36":1,"37":1,"38":1,"39":1,"40":0,"41":0,"42":1,"43":1,"44":1,"45":0,"46":0,"47":3,"48":1,"49":1,"50":1,"51":0,"52":0,"53":1,"54":0,"55":3},"f":{"0":1,"1":4,"2":3,"3":2,"4":1},"b":{"0":[1,3],"1":[0,2],"2":[1,1],"3":[0,1],"4":[0,1]},"_coverageSchema":"1a1c01bbd47fc00a2c39e90264f33305004495a9","hash":"07f573620859bfbea6091ca70c3978dc5947f7a4"}
,"/Users/caitlinash/Desktop/Coding/tech-blog/controllers/api/commentRoutes.js": {"path":"/Users/caitlinash/Desktop/Coding/tech-blog/controllers/api/commentRoutes.js","statementMap":{"0":{"start":{"line":1,"column":15},"end":{"line":1,"column":42}},"1":{"start":{"line":2,"column":26},"end":{"line":2,"column":49}},"2":{"start":{"line":3,"column":17},"end":{"line":3,"column":44}},"3":{"start":{"line":6,"column":0},"end":{"line":15,"column":3}},"4":{"start":{"line":7,"column":4},"end":{"line":14,"column":5}},"5":{"start":{"line":8,"column":28},"end":{"line":10,"column":10}},"6":{"start":{"line":11,"column":8},"end":{"line":11,"column":42}},"7":{"start":{"line":13,"column":8},"end":{"line":13,"column":34}},"8":{"start":{"line":18,"column":0},"end":{"line":38,"column":3}},"9":{"start":{"line":19,"column":4},"end":{"line":37,"column":5}},"10":{"start":{"line":20,"column":41},"end":{"line":20,"column":49}},"11":{"start":{"line":21,"column":24},"end":{"line":21,"column":43}},"12":{"start":{"line":23,"column":8},"end":{"line":23,"column":73}},"13":{"start":{"line":25,"column":28},"end":{"line":29,"column":10}},"14":{"start":{"line":31,"column":8},"end":{"line":31,"column":53}},"15":{"start":{"line":33,"column":8},"end":{"line":33,"column":42}},"16":{"start":{"line":35,"column":8},"end":{"line":35,"column":27}},"17":{"start":{"line":36,"column":8},"end":{"line":36,"column":34}},"18":{"start":{"line":41,"column":0},"end":{"line":57,"column":3}},"19":{"start":{"line":42,"column":4},"end":{"line":56,"column":5}},"20":{"start":{"line":43,"column":28},"end":{"line":47,"column":10}},"21":{"start":{"line":49,"column":8},"end":{"line":52,"column":9}},"22":{"start":{"line":50,"column":12},"end":{"line":50,"column":80}},"23":{"start":{"line":51,"column":12},"end":{"line":51,"column":19}},"24":{"start":{"line":53,"column":8},"end":{"line":53,"column":42}},"25":{"start":{"line":55,"column":8},"end":{"line":55,"column":34}},"26":{"start":{"line":59,"column":0},"end":{"line":59,"column":24}}},"fnMap":{"0":{"name":"(anonymous_0)","decl":{"start":{"line":6,"column":16},"end":{"line":6,"column":17}},"loc":{"start":{"line":6,"column":36},"end":{"line":15,"column":1}},"line":6},"1":{"name":"(anonymous_1)","decl":{"start":{"line":18,"column":27},"end":{"line":18,"column":28}},"loc":{"start":{"line":18,"column":47},"end":{"line":38,"column":1}},"line":18},"2":{"name":"(anonymous_2)","decl":{"start":{"line":41,"column":32},"end":{"line":41,"column":33}},"loc":{"start":{"line":41,"column":52},"end":{"line":57,"column":1}},"line":41}},"branchMap":{"0":{"loc":{"start":{"line":49,"column":8},"end":{"line":52,"column":9}},"type":"if","locations":[{"start":{"line":49,"column":8},"end":{"line":52,"column":9}},{"start":{},"end":{}}],"line":49}},"s":{"0":3,"1":3,"2":3,"3":3,"4":2,"5":2,"6":2,"7":0,"8":3,"9":1,"10":1,"11":1,"12":1,"13":1,"14":1,"15":1,"16":0,"17":0,"18":3,"19":1,"20":1,"21":1,"22":0,"23":0,"24":1,"25":0,"26":3},"f":{"0":2,"1":1,"2":1},"b":{"0":[0,1]},"_coverageSchema":"1a1c01bbd47fc00a2c39e90264f33305004495a9","hash":"def00a1a9fcf12617b2741ad80f124b734561ad8"}
,"/Users/caitlinash/Desktop/Coding/tech-blog/controllers/api/index.js": {"path":"/Users/caitlinash/Desktop/Coding/tech-blog/controllers/api/index.js","statementMap":{"0":{"start":{"line":1,"column":15},"end":{"line":1,"column":42}},"1":{"start":{"line":3,"column":19},"end":{"line":3,"column":42}},"2":{"start":{"line":4,"column":23},"end":{"line":4,"column":50}},"3":{"start":{"line":5,"column":22},"end":{"line":5,"column":48}},"4":{"start":{"line":7,"column":0},"end":{"line":7,"column":33}},"5":{"start":{"line":8,"column":0},"end":{"line":8,"column":41}},"6":{"start":{"line":9,"column":0},"end":{"line":9,"column":39}},"7":{"start":{"line":11,"column":0},"end":{"line":11,"column":24}}},"fnMap":{},"branchMap":{},"s":{"0":2,"1":2,"2":2,"3":2,"4":2,"5":2,"6":2,"7":2},"f":{},"b":{},"_coverageSchema":"1a1c01bbd47fc00a2c39e90264f33305004495a9","hash":"c343195b9f8d83f2b0e5df21420916f9b6a8302d"}
,"/Users/caitlinash/Desktop/Coding/tech-blog/controllers/api/userRoutes.js": {"path":"/Users/caitlinash/Desktop/Coding/tech-blog/controllers/api/userRoutes.js","statementMap":{"0":{"start":{"line":1,"column":15},"end":{"line":1,"column":42}},"1":{"start":{"line":2,"column":36},"end":{"line":2,"column":59}},"2":{"start":{"line":5,"column":0},"end":{"line":15,"column":3}},"3":{"start":{"line":6,"column":4},"end":{"line":14,"column":5}},"4":{"start":{"line":7,"column":25},"end":{"line":9,"column":10}},"5":{"start":{"line":11,"column":8},"end":{"line":11,"column":39}},"6":{"start":{"line":13,"column":8},"end":{"line":13,"column":34}},"7":{"start":{"line":18,"column":0},"end":{"line":49,"column":3}},"8":{"start":{"line":19,"column":4},"end":{"line":48,"column":5}},"9":{"start":{"line":20,"column":25},"end":{"line":39,"column":10}},"10":{"start":{"line":41,"column":8},"end":{"line":44,"column":9}},"11":{"start":{"line":42,"column":12},"end":{"line":42,"column":77}},"12":{"start":{"line":43,"column":12},"end":{"line":43,"column":19}},"13":{"start":{"line":45,"column":8},"end":{"line":45,"column":39}},"14":{"start":{"line":47,"column":8},"end":{"line":47,"column":34}},"15":{"start":{"line":52,"column":0},"end":{"line":82,"column":3}},"16":{"start":{"line":53,"column":4},"end":{"line":81,"column":5}},"17":{"start":{"line":54,"column":6},"end":{"line":54,"column":51}},"18":{"start":{"line":55,"column":25},"end":{"line":55,"column":52}},"19":{"start":{"line":56,"column":8},"end":{"line":56,"column":47}},"20":{"start":{"line":58,"column":8},"end":{"line":63,"column":11}},"21":{"start":{"line":59,"column":12},"end":{"line":59,"column":46}},"22":{"start":{"line":60,"column":12},"end":{"line":60,"column":41}},"23":{"start":{"line":62,"column":12},"end":{"line":62,"column":43}},"24":{"start":{"line":65,"column":6},"end":{"line":65,"column":49}},"25":{"start":{"line":68,"column":6},"end":{"line":70,"column":7}},"26":{"start":{"line":69,"column":8},"end":{"line":69,"column":76}},"27":{"start":{"line":72,"column":6},"end":{"line":74,"column":7}},"28":{"start":{"line":73,"column":8},"end":{"line":73,"column":62}},"29":{"start":{"line":76,"column":6},"end":{"line":80,"column":9}},"30":{"start":{"line":85,"column":0},"end":{"line":147,"column":5}},"31":{"start":{"line":86,"column":4},"end":{"line":146,"column":5}},"32":{"start":{"line":87,"column":6},"end":{"line":87,"column":64}},"33":{"start":{"line":90,"column":24},"end":{"line":93,"column":6}},"34":{"start":{"line":95,"column":6},"end":{"line":95,"column":59}},"35":{"start":{"line":96,"column":6},"end":{"line":96,"column":59}},"36":{"start":{"line":97,"column":6},"end":{"line":97,"column":48}},"37":{"start":{"line":99,"column":6},"end":{"line":105,"column":7}},"38":{"start":{"line":100,"column":8},"end":{"line":100,"column":58}},"39":{"start":{"line":101,"column":8},"end":{"line":103,"column":81}},"40":{"start":{"line":104,"column":8},"end":{"line":104,"column":15}},"41":{"start":{"line":107,"column":6},"end":{"line":107,"column":71}},"42":{"start":{"line":110,"column":6},"end":{"line":110,"column":80}},"43":{"start":{"line":111,"column":6},"end":{"line":111,"column":77}},"44":{"start":{"line":113,"column":28},"end":{"line":113,"column":69}},"45":{"start":{"line":115,"column":6},"end":{"line":115,"column":64}},"46":{"start":{"line":117,"column":6},"end":{"line":123,"column":7}},"47":{"start":{"line":118,"column":8},"end":{"line":118,"column":69}},"48":{"start":{"line":119,"column":8},"end":{"line":121,"column":81}},"49":{"start":{"line":122,"column":8},"end":{"line":122,"column":15}},"50":{"start":{"line":126,"column":6},"end":{"line":126,"column":72}},"51":{"start":{"line":128,"column":6},"end":{"line":141,"column":9}},"52":{"start":{"line":129,"column":8},"end":{"line":133,"column":9}},"53":{"start":{"line":130,"column":10},"end":{"line":130,"column":52}},"54":{"start":{"line":131,"column":10},"end":{"line":131,"column":91}},"55":{"start":{"line":132,"column":10},"end":{"line":132,"column":17}},"56":{"start":{"line":135,"column":8},"end":{"line":135,"column":42}},"57":{"start":{"line":136,"column":8},"end":{"line":136,"column":37}},"58":{"start":{"line":138,"column":8},"end":{"line":138,"column":69}},"59":{"start":{"line":139,"column":8},"end":{"line":139,"column":72}},"60":{"start":{"line":140,"column":8},"end":{"line":140,"column":50}},"61":{"start":{"line":144,"column":6},"end":{"line":144,"column":41}},"62":{"start":{"line":145,"column":6},"end":{"line":145,"column":89}},"63":{"start":{"line":150,"column":2},"end":{"line":158,"column":5}},"64":{"start":{"line":151,"column":4},"end":{"line":157,"column":5}},"65":{"start":{"line":152,"column":6},"end":{"line":154,"column":9}},"66":{"start":{"line":153,"column":8},"end":{"line":153,"column":30}},"67":{"start":{"line":156,"column":6},"end":{"line":156,"column":28}},"68":{"start":{"line":160,"column":0},"end":{"line":160,"column":24}}},"fnMap":{"0":{"name":"(anonymous_0)","decl":{"start":{"line":5,"column":16},"end":{"line":5,"column":17}},"loc":{"start":{"line":5,"column":36},"end":{"line":15,"column":1}},"line":5},"1":{"name":"(anonymous_1)","decl":{"start":{"line":18,"column":19},"end":{"line":18,"column":20}},"loc":{"start":{"line":18,"column":39},"end":{"line":49,"column":1}},"line":18},"2":{"name":"(anonymous_2)","decl":{"start":{"line":52,"column":17},"end":{"line":52,"column":18}},"loc":{"start":{"line":52,"column":37},"end":{"line":82,"column":1}},"line":52},"3":{"name":"(anonymous_3)","decl":{"start":{"line":58,"column":25},"end":{"line":58,"column":26}},"loc":{"start":{"line":58,"column":31},"end":{"line":63,"column":9}},"line":58},"4":{"name":"(anonymous_4)","decl":{"start":{"line":85,"column":22},"end":{"line":85,"column":23}},"loc":{"start":{"line":85,"column":42},"end":{"line":147,"column":3}},"line":85},"5":{"name":"(anonymous_5)","decl":{"start":{"line":128,"column":23},"end":{"line":128,"column":24}},"loc":{"start":{"line":128,"column":32},"end":{"line":141,"column":7}},"line":128},"6":{"name":"(anonymous_6)","decl":{"start":{"line":150,"column":25},"end":{"line":150,"column":26}},"loc":{"start":{"line":150,"column":39},"end":{"line":158,"column":3}},"line":150},"7":{"name":"(anonymous_7)","decl":{"start":{"line":152,"column":26},"end":{"line":152,"column":27}},"loc":{"start":{"line":152,"column":32},"end":{"line":154,"column":7}},"line":152}},"branchMap":{"0":{"loc":{"start":{"line":41,"column":8},"end":{"line":44,"column":9}},"type":"if","locations":[{"start":{"line":41,"column":8},"end":{"line":44,"column":9}},{"start":{},"end":{}}],"line":41},"1":{"loc":{"start":{"line":68,"column":6},"end":{"line":70,"column":7}},"type":"if","locations":[{"start":{"line":68,"column":6},"end":{"line":70,"column":7}},{"start":{},"end":{}}],"line":68},"2":{"loc":{"start":{"line":72,"column":6},"end":{"line":74,"column":7}},"type":"if","locations":[{"start":{"line":72,"column":6},"end":{"line":74,"column":7}},{"start":{},"end":{}}],"line":72},"3":{"loc":{"start":{"line":99,"column":6},"end":{"line":105,"column":7}},"type":"if","locations":[{"start":{"line":99,"column":6},"end":{"line":105,"column":7}},{"start":{},"end":{}}],"line":99},"4":{"loc":{"start":{"line":117,"column":6},"end":{"line":123,"column":7}},"type":"if","locations":[{"start":{"line":117,"column":6},"end":{"line":123,"column":7}},{"start":{},"end":{}}],"line":117},"5":{"loc":{"start":{"line":129,"column":8},"end":{"line":133,"column":9}},"type":"if","locations":[{"start":{"line":129,"column":8},"end":{"line":133,"column":9}},{"start":{},"end":{}}],"line":129},"6":{"loc":{"start":{"line":151,"column":4},"end":{"line":157,"column":5}},"type":"if","locations":[{"start":{"line":151,"column":4},"end":{"line":157,"column":5}},{"start":{"line":155,"column":11},"end":{"line":157,"column":5}}],"line":151}},"s":{"0":3,"1":3,"2":3,"3":1,"4":1,"5":1,"6":0,"7":3,"8":4,"9":4,"10":4,"11":2,"12":2,"13":2,"14":0,"15":3,"16":5,"17":5,"18":5,"19":1,"20":1,"21":1,"22":1,"23":1,"24":4,"25":4,"26":1,"27":3,"28":3,"29":0,"30":3,"31":4,"32":4,"33":4,"34":4,"35":4,"36":4,"37":4,"38":1,"39":1,"40":1,"41":3,"42":3,"43":3,"44":3,"45":3,"46":3,"47":1,"48":1,"49":1,"50":2,"51":2,"52":2,"53":0,"54":0,"55":0,"56":2,"57":2,"58":2,"59":2,"60":2,"61":0,"62":0,"63":3,"64":2,"65":1,"66":1,"67":1,"68":3},"f":{"0":1,"1":4,"2":5,"3":1,"4":4,"5":2,"6":2,"7":1},"b":{"0":[2,2],"1":[1,3],"2":[3,0],"3":[1,3],"4":[1,2],"5":[0,2],"6":[1,1]},"_coverageSchema":"1a1c01bbd47fc00a2c39e90264f33305004495a9","hash":"850a3711f61a6a528e4ee3fd90bcf5524dea76f4"}
,"/Users/caitlinash/Desktop/Coding/tech-blog/models/BlogPost.js": {"path":"/Users/caitlinash/Desktop/Coding/tech-blog/models/BlogPost.js","statementMap":{"0":{"start":{"line":1,"column":29},"end":{"line":1,"column":49}},"1":{"start":{"line":2,"column":18},"end":{"line":2,"column":49}},"2":{"start":{"line":6,"column":0},"end":{"line":48,"column":2}},"3":{"start":{"line":50,"column":0},"end":{"line":50,"column":26}}},"fnMap":{},"branchMap":{},"s":{"0":11,"1":11,"2":11,"3":11},"f":{},"b":{},"_coverageSchema":"1a1c01bbd47fc00a2c39e90264f33305004495a9","hash":"39ebc9f4f41efc35e1e9d342143a1a1848a14111"}
,"/Users/caitlinash/Desktop/Coding/tech-blog/models/Comment.js": {"path":"/Users/caitlinash/Desktop/Coding/tech-blog/models/Comment.js","statementMap":{"0":{"start":{"line":1,"column":29},"end":{"line":1,"column":49}},"1":{"start":{"line":2,"column":18},"end":{"line":2,"column":49}},"2":{"start":{"line":6,"column":0},"end":{"line":53,"column":2}},"3":{"start":{"line":55,"column":0},"end":{"line":55,"column":25}}},"fnMap":{},"branchMap":{},"s":{"0":11,"1":11,"2":11,"3":11},"f":{},"b":{},"_coverageSchema":"1a1c01bbd47fc00a2c39e90264f33305004495a9","hash":"ec314474cf84a0eb62c3f6772e16d3a994d48417"}
,"/Users/caitlinash/Desktop/Coding/tech-blog/models/User.js": {"path":"/Users/caitlinash/Desktop/Coding/tech-blog/models/User.js","statementMap":{"0":{"start":{"line":1,"column":29},"end":{"line":1,"column":49}},"1":{"start":{"line":2,"column":15},"end":{"line":2,"column":34}},"2":{"start":{"line":3,"column":18},"end":{"line":3,"column":49}},"3":{"start":{"line":7,"column":8},"end":{"line":7,"column":58}},"4":{"start":{"line":11,"column":0},"end":{"line":51,"column":2}},"5":{"start":{"line":37,"column":16},"end":{"line":37,"column":83}},"6":{"start":{"line":38,"column":16},"end":{"line":38,"column":35}},"7":{"start":{"line":41,"column":16},"end":{"line":41,"column":91}},"8":{"start":{"line":42,"column":16},"end":{"line":42,"column":39}},"9":{"start":{"line":53,"column":0},"end":{"line":53,"column":22}}},"fnMap":{"0":{"name":"(anonymous_0)","decl":{"start":{"line":6,"column":4},"end":{"line":6,"column":5}},"loc":{"start":{"line":6,"column":27},"end":{"line":8,"column":7}},"line":6},"1":{"name":"(anonymous_1)","decl":{"start":{"line":36,"column":26},"end":{"line":36,"column":27}},"loc":{"start":{"line":36,"column":49},"end":{"line":39,"column":13}},"line":36},"2":{"name":"(anonymous_2)","decl":{"start":{"line":40,"column":26},"end":{"line":40,"column":27}},"loc":{"start":{"line":40,"column":53},"end":{"line":43,"column":13}},"line":40}},"branchMap":{},"s":{"0":11,"1":11,"2":11,"3":5,"4":11,"5":20,"6":20,"7":1,"8":1,"9":11},"f":{"0":5,"1":20,"2":1},"b":{},"_coverageSchema":"1a1c01bbd47fc00a2c39e90264f33305004495a9","hash":"9cd64b515a34ed0badf1f601b8a864b41554f591"}
,"/Users/caitlinash/Desktop/Coding/tech-blog/models/index.js": {"path":"/Users/caitlinash/Desktop/Coding/tech-blog/models/index.js","statementMap":{"0":{"start":{"line":1,"column":13},"end":{"line":1,"column":31}},"1":{"start":{"line":2,"column":17},"end":{"line":2,"column":38}},"2":{"start":{"line":3,"column":16},"end":{"line":3,"column":36}},"3":{"start":{"line":5,"column":0},"end":{"line":7,"column":3}},"4":{"start":{"line":9,"column":0},"end":{"line":12,"column":3}},"5":{"start":{"line":14,"column":0},"end":{"line":16,"column":3}},"6":{"start":{"line":18,"column":0},"end":{"line":21,"column":3}},"7":{"start":{"line":23,"column":0},"end":{"line":26,"column":3}},"8":{"start":{"line":28,"column":0},"end":{"line":31,"column":3}},"9":{"start":{"line":33,"column":0},"end":{"line":33,"column":45}}},"fnMap":{},"branchMap":{},"s":{"0":11,"1":11,"2":11,"3":11,"4":11,"5":11,"6":11,"7":11,"8":11,"9":11},"f":{},"b":{},"_coverageSchema":"1a1c01bbd47fc00a2c39e90264f33305004495a9","hash":"f68e314f5e84a4aaee55d431f9bc14737c2bded2"}
,"/Users/caitlinash/Desktop/Coding/tech-blog/utils/auth.js": {"path":"/Users/caitlinash/Desktop/Coding/tech-blog/utils/auth.js","statementMap":{"0":{"start":{"line":1,"column":17},"end":{"line":8,"column":3}},"1":{"start":{"line":3,"column":4},"end":{"line":7,"column":5}},"2":{"start":{"line":4,"column":6},"end":{"line":4,"column":29}},"3":{"start":{"line":6,"column":6},"end":{"line":6,"column":13}},"4":{"start":{"line":10,"column":2},"end":{"line":10,"column":28}}},"fnMap":{"0":{"name":"(anonymous_0)","decl":{"start":{"line":1,"column":17},"end":{"line":1,"column":18}},"loc":{"start":{"line":1,"column":37},"end":{"line":8,"column":3}},"line":1}},"branchMap":{"0":{"loc":{"start":{"line":3,"column":4},"end":{"line":7,"column":5}},"type":"if","locations":[{"start":{"line":3,"column":4},"end":{"line":7,"column":5}},{"start":{"line":5,"column":11},"end":{"line":7,"column":5}}],"line":3}},"s":{"0":5,"1":19,"2":8,"3":11,"4":5},"f":{"0":19},"b":{"0":[8,11]},"_coverageSchema":"1a1c01bbd47fc00a2c39e90264f33305004495a9","hash":"a6a62373e6ef193415eeca16aebe570ae9c6017b"}
}
