TN:
SF:config/connection.js
FNF:0
FNH:0
DA:1,11
DA:2,11
DA:6,11
DA:8,11
DA:13,0
DA:14,0
DA:16,0
DA:28,11
LF:8
LH:5
BRDA:6,0,0,11
BRDA:6,0,1,0
BRDA:13,1,0,0
BRDA:13,1,1,0
BRF:4
BRH:1
end_of_record
TN:
SF:controllers/dashboardRoutes.js
FN:6,(anonymous_0)
FN:32,(anonymous_1)
FN:44,(anonymous_2)
FN:84,(anonymous_3)
FNF:4
FNH:4
FNDA:1,(anonymous_0)
FNDA:1,(anonymous_1)
FNDA:1,(anonymous_2)
FNDA:1,(anonymous_3)
DA:1,2
DA:2,2
DA:3,2
DA:6,2
DA:7,1
DA:8,1
DA:29,1
DA:30,1
DA:32,1
DA:34,1
DA:39,0
DA:44,2
DA:45,1
DA:46,1
DA:66,1
DA:67,0
DA:68,0
DA:71,1
DA:74,1
DA:79,0
DA:84,2
DA:86,1
DA:91,2
LF:23
LH:19
BRDA:66,0,0,0
BRDA:66,0,1,1
BRF:2
BRH:1
end_of_record
TN:
SF:controllers/homeRoutes.js
FN:5,(anonymous_0)
FN:25,(anonymous_1)
FN:38,(anonymous_2)
FN:79,(anonymous_3)
FNF:4
FNH:4
FNDA:1,(anonymous_0)
FNDA:1,(anonymous_1)
FNDA:2,(anonymous_2)
FNDA:2,(anonymous_3)
DA:1,2
DA:2,2
DA:5,2
DA:6,1
DA:7,1
DA:25,1
DA:28,1
DA:33,0
DA:38,2
DA:39,2
DA:40,2
DA:60,2
DA:61,1
DA:62,1
DA:66,1
DA:69,1
DA:74,0
DA:79,2
DA:81,2
DA:82,1
DA:83,1
DA:86,1
DA:89,2
LF:23
LH:21
BRDA:60,0,0,1
BRDA:60,0,1,1
BRDA:81,1,0,1
BRDA:81,1,1,1
BRF:4
BRH:4
end_of_record
TN:
SF:controllers/index.js
FNF:0
FNH:0
DA:1,1
DA:3,1
DA:4,1
DA:5,1
DA:7,1
DA:8,1
DA:9,1
DA:11,1
LF:8
LH:8
BRF:0
BRH:0
end_of_record
TN:
SF:controllers/api/blogPostRoutes.js
FN:6,(anonymous_0)
FN:32,(anonymous_1)
FN:65,(anonymous_2)
FN:91,(anonymous_3)
FN:146,(anonymous_4)
FNF:5
FNH:5
FNDA:1,(anonymous_0)
FNDA:4,(anonymous_1)
FNDA:3,(anonymous_2)
FNDA:2,(anonymous_3)
FNDA:1,(anonymous_4)
DA:1,3
DA:2,3
DA:3,3
DA:6,3
DA:7,1
DA:8,1
DA:25,1
DA:27,0
DA:32,3
DA:33,4
DA:34,4
DA:54,4
DA:55,1
DA:56,1
DA:58,3
DA:60,0
DA:65,3
DA:66,3
DA:67,3
DA:68,3
DA:70,3
DA:72,3
DA:73,3
DA:75,3
DA:82,1
DA:84,1
DA:86,2
DA:91,3
DA:92,2
DA:93,2
DA:96,2
DA:103,2
DA:104,0
DA:105,0
DA:109,2
DA:110,1
DA:111,1
DA:115,1
DA:127,1
DA:129,1
DA:130,0
DA:131,0
DA:135,1
DA:136,1
DA:138,1
DA:140,0
DA:141,0
DA:146,3
DA:147,1
DA:148,1
DA:155,1
DA:156,0
DA:157,0
DA:159,1
DA:161,0
DA:165,3
LF:56
LH:45
BRDA:54,0,0,1
BRDA:54,0,1,3
BRDA:103,1,0,0
BRDA:103,1,1,2
BRDA:109,2,0,1
BRDA:109,2,1,1
BRDA:129,3,0,0
BRDA:129,3,1,1
BRDA:155,4,0,0
BRDA:155,4,1,1
BRF:10
BRH:7
end_of_record
TN:
SF:controllers/api/commentRoutes.js
FN:6,(anonymous_0)
FN:18,(anonymous_1)
FN:41,(anonymous_2)
FNF:3
FNH:3
FNDA:2,(anonymous_0)
FNDA:1,(anonymous_1)
FNDA:1,(anonymous_2)
DA:1,3
DA:2,3
DA:3,3
DA:6,3
DA:7,2
DA:8,2
DA:11,2
DA:13,0
DA:18,3
DA:19,1
DA:20,1
DA:21,1
DA:23,1
DA:25,1
DA:31,1
DA:33,1
DA:35,0
DA:36,0
DA:41,3
DA:42,1
DA:43,1
DA:49,1
DA:50,0
DA:51,0
DA:53,1
DA:55,0
DA:59,3
LF:27
LH:21
BRDA:49,0,0,0
BRDA:49,0,1,1
BRF:2
BRH:1
end_of_record
TN:
SF:controllers/api/index.js
FNF:0
FNH:0
DA:1,2
DA:3,2
DA:4,2
DA:5,2
DA:7,2
DA:8,2
DA:9,2
DA:11,2
LF:8
LH:8
BRF:0
BRH:0
end_of_record
TN:
SF:controllers/api/userRoutes.js
FN:5,(anonymous_0)
FN:18,(anonymous_1)
FN:52,(anonymous_2)
FN:58,(anonymous_3)
FN:85,(anonymous_4)
FN:128,(anonymous_5)
FN:150,(anonymous_6)
FN:152,(anonymous_7)
FNF:8
FNH:8
FNDA:1,(anonymous_0)
FNDA:4,(anonymous_1)
FNDA:5,(anonymous_2)
FNDA:1,(anonymous_3)
FNDA:4,(anonymous_4)
FNDA:2,(anonymous_5)
FNDA:2,(anonymous_6)
FNDA:1,(anonymous_7)
DA:1,3
DA:2,3
DA:5,3
DA:6,1
DA:7,1
DA:11,1
DA:13,0
DA:18,3
DA:19,4
DA:20,4
DA:41,4
DA:42,2
DA:43,2
DA:45,2
DA:47,0
DA:52,3
DA:53,5
DA:54,5
DA:55,5
DA:56,1
DA:58,1
DA:59,1
DA:60,1
DA:62,1
DA:65,4
DA:68,4
DA:69,1
DA:72,3
DA:73,3
DA:76,0
DA:85,3
DA:86,4
DA:87,4
DA:90,4
DA:95,4
DA:96,4
DA:97,4
DA:99,4
DA:100,1
DA:101,1
DA:104,1
DA:107,3
DA:110,3
DA:111,3
DA:113,3
DA:115,3
DA:117,3
DA:118,1
DA:119,1
DA:122,1
DA:126,2
DA:128,2
DA:129,2
DA:130,0
DA:131,0
DA:132,0
DA:135,2
DA:136,2
DA:138,2
DA:139,2
DA:140,2
DA:144,0
DA:145,0
DA:150,3
DA:151,2
DA:152,1
DA:153,1
DA:156,1
DA:160,3
LF:69
LH:61
BRDA:41,0,0,2
BRDA:41,0,1,2
BRDA:68,1,0,1
BRDA:68,1,1,3
BRDA:72,2,0,3
BRDA:72,2,1,0
BRDA:99,3,0,1
BRDA:99,3,1,3
BRDA:117,4,0,1
BRDA:117,4,1,2
BRDA:129,5,0,0
BRDA:129,5,1,2
BRDA:151,6,0,1
BRDA:151,6,1,1
BRF:14
BRH:12
end_of_record
TN:
SF:models/BlogPost.js
FNF:0
FNH:0
DA:1,11
DA:2,11
DA:6,11
DA:50,11
LF:4
LH:4
BRF:0
BRH:0
end_of_record
TN:
SF:models/Comment.js
FNF:0
FNH:0
DA:1,11
DA:2,11
DA:6,11
DA:55,11
LF:4
LH:4
BRF:0
BRH:0
end_of_record
TN:
SF:models/User.js
FN:6,(anonymous_0)
FN:36,(anonymous_1)
FN:40,(anonymous_2)
FNF:3
FNH:3
FNDA:5,(anonymous_0)
FNDA:20,(anonymous_1)
FNDA:1,(anonymous_2)
DA:1,11
DA:2,11
DA:3,11
DA:7,5
DA:11,11
DA:37,20
DA:38,20
DA:41,1
DA:42,1
DA:53,11
LF:10
LH:10
BRF:0
BRH:0
end_of_record
TN:
SF:models/index.js
FNF:0
FNH:0
DA:1,11
DA:2,11
DA:3,11
DA:5,11
DA:9,11
DA:14,11
DA:18,11
DA:23,11
DA:28,11
DA:33,11
LF:10
LH:10
BRF:0
BRH:0
end_of_record
TN:
SF:utils/auth.js
FN:1,(anonymous_0)
FNF:1
FNH:1
FNDA:19,(anonymous_0)
DA:1,5
DA:3,19
DA:4,8
DA:6,11
DA:10,5
LF:5
LH:5
BRDA:3,0,0,8
BRDA:3,0,1,11
BRF:2
BRH:2
end_of_record
